<?xml version="1.0" encoding="UTF-8"?>
<!-- Generated by org.testng.reporters.JUnitXMLReporter -->
<testsuite hostname="DESKTOP-6AO2MKO" ignored="0" name="Default test" tests="1" failures="1" timestamp="2020-04-01T22:50:51 CST" time="13.389" errors="0">
  <testcase name="runScenario" time="13.042" classname="io.cucumber.testng.AbstractTestNGCucumberTests">
    <failure type="java.lang.NullPointerException">
      <![CDATA[java.lang.NullPointerException
at org.openqa.selenium.support.pagefactory.DefaultElementLocator.findElement(DefaultElementLocator.java:69)
at org.openqa.selenium.support.pagefactory.internal.LocatingElementHandler.invoke(LocatingElementHandler.java:38)
at com.sun.proxy.$Proxy20.click(Unknown Source)
at PageObjects.LogInPage.go(LogInPage.java:38)
at stepDefinitions.GivenTest.user_login(GivenTest.java:22)
at ✽.User login "test800@hotmail.com" or "test123"(file:///C:/Users/test.admin/WorkspaceAutomate/TestCase1/src/test/resources/featureFiles/CheckOut.feature:6)
]]>
    </failure>
  </testcase> <!-- runScenario -->
</testsuite> <!-- Default test -->
